c:\users\tobias collin\documents\github\intro-rendering\raytrace\release\panoramiclight.obj
c:\users\tobias collin\documents\github\intro-rendering\raytrace\release\volume.obj
c:\users\tobias collin\documents\github\intro-rendering\raytrace\release\texture.obj
c:\users\tobias collin\documents\github\intro-rendering\raytrace\release\quattrackball.obj
c:\users\tobias collin\documents\github\intro-rendering\raytrace\release\glossyvolume.obj
c:\users\tobias collin\documents\github\intro-rendering\raytrace\release\hdrtexture.obj
c:\users\tobias collin\documents\github\intro-rendering\raytrace\release\camera.obj
c:\users\tobias collin\documents\github\intro-rendering\raytrace\release\mirror.obj
c:\users\tobias collin\documents\github\intro-rendering\raytrace\release\bsptree.obj
c:\users\tobias collin\documents\github\intro-rendering\raytrace\release\panoramictexture.obj
c:\users\tobias collin\documents\github\intro-rendering\raytrace\release\lambertian.obj
c:\users\tobias collin\documents\github\intro-rendering\raytrace\release\triangle.obj
c:\users\tobias collin\documents\github\intro-rendering\raytrace\release\brdf.obj
c:\users\tobias collin\documents\github\intro-rendering\raytrace\release\phong.obj
c:\users\tobias collin\documents\github\intro-rendering\raytrace\release\obj_load.obj
c:\users\tobias collin\documents\github\intro-rendering\raytrace\release\distribution1d.obj
c:\users\tobias collin\documents\github\intro-rendering\raytrace\release\raytracer.obj
c:\users\tobias collin\documents\github\intro-rendering\raytrace\release\gamma.obj
c:\users\tobias collin\documents\github\intro-rendering\raytrace\release\spheretexture.obj
c:\users\tobias collin\documents\github\intro-rendering\raytrace\release\pathtracer.obj
c:\users\tobias collin\documents\github\intro-rendering\raytrace\release\renderengine.obj
c:\users\tobias collin\documents\github\intro-rendering\raytrace\release\particletracer.obj
c:\users\tobias collin\documents\github\intro-rendering\raytrace\release\arealight.obj
c:\users\tobias collin\documents\github\intro-rendering\raytrace\release\raytrace.obj
c:\users\tobias collin\documents\github\intro-rendering\raytrace\release\raycaster.obj
c:\users\tobias collin\documents\github\intro-rendering\raytrace\release\string_utils.obj
c:\users\tobias collin\documents\github\intro-rendering\raytrace\release\plane.obj
c:\users\tobias collin\documents\github\intro-rendering\raytrace\release\merlshader.obj
c:\users\tobias collin\documents\github\intro-rendering\raytrace\release\directional.obj
c:\users\tobias collin\documents\github\intro-rendering\raytrace\release\mcglossy.obj
c:\users\tobias collin\documents\github\intro-rendering\raytrace\release\pointlight.obj
c:\users\tobias collin\documents\github\intro-rendering\raytrace\release\merltexture.obj
c:\users\tobias collin\documents\github\intro-rendering\raytrace\release\photoncaustics.obj
c:\users\tobias collin\documents\github\intro-rendering\raytrace\release\invspheremap.obj
c:\users\tobias collin\documents\github\intro-rendering\raytrace\release\distribution2d.obj
c:\users\tobias collin\documents\github\intro-rendering\raytrace\release\glossy.obj
c:\users\tobias collin\documents\github\intro-rendering\raytrace\release\trimesh.obj
c:\users\tobias collin\documents\github\intro-rendering\raytrace\release\glviewcontroller.obj
c:\users\tobias collin\documents\github\intro-rendering\raytrace\release\textured.obj
c:\users\tobias collin\documents\github\intro-rendering\raytrace\release\accelerator.obj
c:\users\tobias collin\documents\github\intro-rendering\raytrace\release\holdout.obj
c:\users\tobias collin\documents\github\intro-rendering\raytrace\release\transparent.obj
c:\users\tobias collin\documents\github\intro-rendering\raytrace\release\scene.obj
c:\users\tobias collin\documents\github\intro-rendering\raytrace\release\randomizer.obj
c:\users\tobias collin\documents\github\intro-rendering\raytrace\release\sphere.obj
c:\users\tobias collin\documents\github\intro-rendering\raytrace\release\vc143.pdb
c:\users\tobias collin\documents\github\intro-rendering\release\raytrace.exe
c:\users\tobias collin\documents\github\intro-rendering\raytrace\release\raytrace.ipdb
c:\users\tobias collin\documents\github\intro-rendering\raytrace\release\raytrace.iobj
c:\users\tobias collin\documents\github\intro-rendering\release\raytrace.pdb
c:\users\tobias collin\documents\github\intro-rendering\raytrace\release\raytrace.tlog\cl.10356.write.1.tlog
c:\users\tobias collin\documents\github\intro-rendering\raytrace\release\raytrace.tlog\cl.command.1.tlog
c:\users\tobias collin\documents\github\intro-rendering\raytrace\release\raytrace.tlog\cl.read.1.tlog
c:\users\tobias collin\documents\github\intro-rendering\raytrace\release\raytrace.tlog\link.command.1.tlog
c:\users\tobias collin\documents\github\intro-rendering\raytrace\release\raytrace.tlog\link.read.1.tlog
c:\users\tobias collin\documents\github\intro-rendering\raytrace\release\raytrace.tlog\link.write.1.tlog
