c:\users\tobias collin\documents\github\intro-rendering\raytrace\debug\vc143.pdb
c:\users\tobias collin\documents\github\intro-rendering\raytrace\debug\vc143.idb
c:\users\tobias collin\documents\github\intro-rendering\raytrace\debug\volume.obj
c:\users\tobias collin\documents\github\intro-rendering\raytrace\debug\arealight.obj
c:\users\tobias collin\documents\github\intro-rendering\raytrace\debug\directional.obj
c:\users\tobias collin\documents\github\intro-rendering\raytrace\debug\pointlight.obj
c:\users\tobias collin\documents\github\intro-rendering\raytrace\debug\renderengine.obj
c:\users\tobias collin\documents\github\intro-rendering\raytrace\debug\string_utils.obj
c:\users\tobias collin\documents\github\intro-rendering\raytrace\debug\randomizer.obj
c:\users\tobias collin\documents\github\intro-rendering\raytrace\debug\plane.obj
c:\users\tobias collin\documents\github\intro-rendering\raytrace\debug\sphere.obj
c:\users\tobias collin\documents\github\intro-rendering\raytrace\debug\triangle.obj
c:\users\tobias collin\documents\github\intro-rendering\raytrace\debug\accelerator.obj
c:\users\tobias collin\documents\github\intro-rendering\raytrace\debug\bsptree.obj
c:\users\tobias collin\documents\github\intro-rendering\raytrace\debug\obj_load.obj
c:\users\tobias collin\documents\github\intro-rendering\raytrace\debug\trimesh.obj
c:\users\tobias collin\documents\github\intro-rendering\raytrace\debug\gamma.obj
c:\users\tobias collin\documents\github\intro-rendering\raytrace\debug\hdrtexture.obj
c:\users\tobias collin\documents\github\intro-rendering\raytrace\debug\invspheremap.obj
c:\users\tobias collin\documents\github\intro-rendering\raytrace\debug\spheretexture.obj
c:\users\tobias collin\documents\github\intro-rendering\raytrace\debug\texture.obj
c:\users\tobias collin\documents\github\intro-rendering\raytrace\debug\raytrace.obj
c:\users\tobias collin\documents\github\intro-rendering\raytrace\debug\holdout.obj
c:\users\tobias collin\documents\github\intro-rendering\raytrace\debug\mcglossy.obj
c:\users\tobias collin\documents\github\intro-rendering\raytrace\debug\merlshader.obj
c:\users\tobias collin\documents\github\intro-rendering\raytrace\debug\merltexture.obj
c:\users\tobias collin\documents\github\intro-rendering\raytrace\debug\panoramiclight.obj
c:\users\tobias collin\documents\github\intro-rendering\raytrace\debug\panoramictexture.obj
c:\users\tobias collin\documents\github\intro-rendering\raytrace\debug\pathtracer.obj
c:\users\tobias collin\documents\github\intro-rendering\raytrace\debug\quattrackball.obj
c:\users\tobias collin\documents\github\intro-rendering\raytrace\debug\scene.obj
c:\users\tobias collin\documents\github\intro-rendering\raytrace\debug\particletracer.obj
c:\users\tobias collin\documents\github\intro-rendering\raytrace\debug\raycaster.obj
c:\users\tobias collin\documents\github\intro-rendering\raytrace\debug\raytracer.obj
c:\users\tobias collin\documents\github\intro-rendering\raytrace\debug\glossy.obj
c:\users\tobias collin\documents\github\intro-rendering\raytrace\debug\glossyvolume.obj
c:\users\tobias collin\documents\github\intro-rendering\raytrace\debug\lambertian.obj
c:\users\tobias collin\documents\github\intro-rendering\raytrace\debug\mirror.obj
c:\users\tobias collin\documents\github\intro-rendering\raytrace\debug\phong.obj
c:\users\tobias collin\documents\github\intro-rendering\raytrace\debug\photoncaustics.obj
c:\users\tobias collin\documents\github\intro-rendering\raytrace\debug\textured.obj
c:\users\tobias collin\documents\github\intro-rendering\raytrace\debug\transparent.obj
c:\users\tobias collin\documents\github\intro-rendering\raytrace\debug\brdf.obj
c:\users\tobias collin\documents\github\intro-rendering\raytrace\debug\camera.obj
c:\users\tobias collin\documents\github\intro-rendering\raytrace\debug\distribution1d.obj
c:\users\tobias collin\documents\github\intro-rendering\raytrace\debug\distribution2d.obj
c:\users\tobias collin\documents\github\intro-rendering\raytrace\debug\glviewcontroller.obj
c:\users\tobias collin\documents\github\intro-rendering\debug\raytrace.ilk
c:\users\tobias collin\documents\github\intro-rendering\debug\raytrace.exe
c:\users\tobias collin\documents\github\intro-rendering\debug\raytrace.pdb
c:\users\tobias collin\documents\github\intro-rendering\raytrace\debug\raytrace.tlog\cl.command.1.tlog
c:\users\tobias collin\documents\github\intro-rendering\raytrace\debug\raytrace.tlog\cl.read.1.tlog
c:\users\tobias collin\documents\github\intro-rendering\raytrace\debug\raytrace.tlog\cl.write.1.tlog
c:\users\tobias collin\documents\github\intro-rendering\raytrace\debug\raytrace.tlog\link.command.1.tlog
c:\users\tobias collin\documents\github\intro-rendering\raytrace\debug\raytrace.tlog\link.read.1.tlog
c:\users\tobias collin\documents\github\intro-rendering\raytrace\debug\raytrace.tlog\link.write.1.tlog
